<?xml version='1.0' encoding='UTF-8'?>
<testsuite hostname="knoldus-Vostro-3559" name="MyntraSpec" tests="10" errors="0" failures="0" time="24.023">
                     <properties>
[...]
</properties>
                     <testcase classname="MyntraSpec" name="in" time="4.121">
                                                 
                                               </testcase><testcase classname="MyntraSpec" name="user should fail to login with invalid credentials" time="4.491">
                                                 
                                               </testcase><testcase classname="MyntraSpec" name="user should logged in" time="2.498">
                                                 
                                               </testcase><testcase classname="MyntraSpec" name="user should select a Jeans category" time="1.926">
                                                 
                                               </testcase><testcase classname="MyntraSpec" name="user should select a Jeans" time="3.073">
                                                 
                                               </testcase><testcase classname="MyntraSpec" name="user should be able to choose the desired size of the selected Jeans and then add it to the cart" time="0.379">
                                                 
                                               </testcase><testcase classname="MyntraSpec" name="user should search for shoes category" time="4.312">
                                                 
                                               </testcase><testcase classname="MyntraSpec" name="user should select a shoe" time="1.546">
                                                 
                                               </testcase><testcase classname="MyntraSpec" name="user should be able to add the shoe to the cart" time="0.342">
                                                 
                                               </testcase><testcase classname="MyntraSpec" name="user should be able to verify the products added to cart" time="1.335">
                                                 
                                               </testcase>
                     <system-out></system-out>
                     <system-err></system-err>
                   </testsuite>